<?xml version="1.0" encoding="UTF-8"?>
<coverage generated="1660220170599" clover="3.2.0">
  <project timestamp="1660220170599" name="All files">
    <metrics statements="102" coveredstatements="45" conditionals="35" coveredconditionals="4" methods="25" coveredmethods="11" elements="162" coveredelements="60" complexity="0" loc="102" ncloc="102" packages="4" files="7" classes="7"/>
    <package name="config">
      <metrics statements="2" coveredstatements="2" conditionals="0" coveredconditionals="0" methods="0" coveredmethods="0"/>
      <file name="db.ts" path="/home/lucas/Documents/back/klafkesBank/src/config/db.ts">
        <metrics statements="2" coveredstatements="2" conditionals="0" coveredconditionals="0" methods="0" coveredmethods="0"/>
        <line num="3" count="1" type="stmt"/>
        <line num="4" count="1" type="stmt"/>
      </file>
    </package>
    <package name="repositories">
      <metrics statements="16" coveredstatements="4" conditionals="0" coveredconditionals="0" methods="11" coveredmethods="2"/>
      <file name="associateRepository.ts" path="/home/lucas/Documents/back/klafkesBank/src/repositories/associateRepository.ts">
        <metrics statements="6" coveredstatements="3" conditionals="0" coveredconditionals="0" methods="5" coveredmethods="2"/>
        <line num="7" count="0" type="stmt"/>
        <line num="11" count="3" type="stmt"/>
        <line num="15" count="3" type="stmt"/>
        <line num="24" count="0" type="stmt"/>
        <line num="31" count="0" type="stmt"/>
        <line num="39" count="1" type="stmt"/>
      </file>
      <file name="cardRepository.ts" path="/home/lucas/Documents/back/klafkesBank/src/repositories/cardRepository.ts">
        <metrics statements="10" coveredstatements="1" conditionals="0" coveredconditionals="0" methods="6" coveredmethods="0"/>
        <line num="11" count="0" type="stmt"/>
        <line num="17" count="0" type="stmt"/>
        <line num="21" count="0" type="stmt"/>
        <line num="39" count="0" type="stmt"/>
        <line num="43" count="0" type="stmt"/>
        <line num="49" count="0" type="stmt"/>
        <line num="58" count="0" type="stmt"/>
        <line num="70" count="0" type="stmt"/>
        <line num="71" count="0" type="stmt"/>
        <line num="74" count="1" type="stmt"/>
      </file>
    </package>
    <package name="services">
      <metrics statements="44" coveredstatements="28" conditionals="5" coveredconditionals="1" methods="7" coveredmethods="5"/>
      <file name="cardService.ts" path="/home/lucas/Documents/back/klafkesBank/src/services/cardService.ts">
        <metrics statements="44" coveredstatements="28" conditionals="5" coveredconditionals="1" methods="7" coveredmethods="5"/>
        <line num="26" count="3" type="stmt"/>
        <line num="27" count="3" type="cond" truecount="0" falsecount="1"/>
        <line num="28" count="0" type="stmt"/>
        <line num="30" count="3" type="stmt"/>
        <line num="31" count="3" type="cond" truecount="0" falsecount="1"/>
        <line num="32" count="0" type="stmt"/>
        <line num="34" count="3" type="stmt"/>
        <line num="38" count="1" type="stmt"/>
        <line num="39" count="1" type="stmt"/>
        <line num="40" count="1" type="stmt"/>
        <line num="41" count="1" type="stmt"/>
        <line num="51" count="1" type="stmt"/>
        <line num="52" count="1" type="stmt"/>
        <line num="64" count="1" type="stmt"/>
        <line num="66" count="1" type="stmt"/>
        <line num="71" count="1" type="stmt"/>
        <line num="72" count="1" type="stmt"/>
        <line num="73" count="1" type="stmt"/>
        <line num="75" count="1" type="stmt"/>
        <line num="76" count="1" type="stmt"/>
        <line num="80" count="0" type="stmt"/>
        <line num="81" count="0" type="stmt"/>
        <line num="82" count="0" type="cond" truecount="0" falsecount="1"/>
        <line num="83" count="0" type="stmt"/>
        <line num="87" count="0" type="stmt"/>
        <line num="88" count="0" type="stmt"/>
        <line num="89" count="0" type="stmt"/>
        <line num="90" count="0" type="stmt"/>
        <line num="91" count="0" type="stmt"/>
        <line num="102" count="0" type="stmt"/>
        <line num="106" count="3" type="stmt"/>
        <line num="107" count="3" type="stmt"/>
        <line num="108" count="3" type="cond" truecount="1" falsecount="0"/>
        <line num="109" count="1" type="stmt"/>
        <line num="111" count="2" type="stmt"/>
        <line num="112" count="2" type="stmt"/>
        <line num="113" count="2" type="cond" truecount="0" falsecount="1"/>
        <line num="114" count="0" type="stmt"/>
        <line num="119" count="2" type="stmt"/>
        <line num="120" count="2" type="stmt"/>
        <line num="128" count="2" type="stmt"/>
        <line num="132" count="0" type="stmt"/>
        <line num="133" count="0" type="stmt"/>
        <line num="134" count="0" type="stmt"/>
      </file>
    </package>
    <package name="utils">
      <metrics statements="40" coveredstatements="11" conditionals="30" coveredconditionals="3" methods="7" coveredmethods="4"/>
      <file name="bcryptFunctions.ts" path="/home/lucas/Documents/back/klafkesBank/src/utils/bcryptFunctions.ts">
        <metrics statements="5" coveredstatements="2" conditionals="0" coveredconditionals="0" methods="2" coveredmethods="1"/>
        <line num="3" count="1" type="stmt"/>
        <line num="5" count="0" type="stmt"/>
        <line num="6" count="0" type="stmt"/>
        <line num="7" count="0" type="stmt"/>
        <line num="11" count="3" type="stmt"/>
      </file>
      <file name="calcAlgorithms.ts" path="/home/lucas/Documents/back/klafkesBank/src/utils/calcAlgorithms.ts">
        <metrics statements="20" coveredstatements="3" conditionals="26" coveredconditionals="3" methods="2" coveredmethods="1"/>
        <line num="2" count="0" type="cond" truecount="0" falsecount="2"/>
        <line num="3" count="0" type="cond" truecount="0" falsecount="2"/>
        <line num="4" count="0" type="stmt"/>
        <line num="6" count="0" type="stmt"/>
        <line num="8" count="0" type="cond" truecount="0" falsecount="4"/>
        <line num="9" count="0" type="cond" truecount="0" falsecount="4"/>
        <line num="10" count="0" type="stmt"/>
        <line num="11" count="0" type="cond" truecount="0" falsecount="2"/>
        <line num="12" count="0" type="stmt"/>
        <line num="14" count="0" type="stmt"/>
        <line num="16" count="0" type="cond" truecount="0" falsecount="4"/>
        <line num="17" count="0" type="cond" truecount="0" falsecount="4"/>
        <line num="18" count="0" type="stmt"/>
        <line num="19" count="0" type="cond" truecount="0" falsecount="1"/>
        <line num="20" count="0" type="stmt"/>
        <line num="23" count="0" type="stmt"/>
        <line num="25" count="0" type="stmt"/>
        <line num="30" count="2" type="cond" truecount="3" falsecount="0"/>
        <line num="31" count="1" type="stmt"/>
        <line num="33" count="1" type="stmt"/>
      </file>
      <file name="dataFormatters.ts" path="/home/lucas/Documents/back/klafkesBank/src/utils/dataFormatters.ts">
        <metrics statements="15" coveredstatements="6" conditionals="4" coveredconditionals="0" methods="3" coveredmethods="2"/>
        <line num="2" count="1" type="stmt"/>
        <line num="3" count="1" type="stmt"/>
        <line num="4" count="1" type="stmt"/>
        <line num="5" count="1" type="stmt"/>
        <line num="9" count="2" type="stmt"/>
        <line num="10" count="2" type="stmt"/>
        <line num="15" count="0" type="stmt"/>
        <line num="16" count="0" type="stmt"/>
        <line num="18" count="0" type="stmt"/>
        <line num="19" count="0" type="cond" truecount="0" falsecount="2"/>
        <line num="20" count="0" type="stmt"/>
        <line num="22" count="0" type="cond" truecount="0" falsecount="2"/>
        <line num="23" count="0" type="stmt"/>
        <line num="25" count="0" type="stmt"/>
        <line num="29" count="0" type="stmt"/>
      </file>
    </package>
  </project>
</coverage>
