{"/home/lucasnkz11/documents/back/klafkesbank/src/config/db.ts": {"path":"/home/lucasnkz11/documents/back/klafkesbank/src/config/db.ts","statementMap":{"0":{"start":{"line":3,"column":25},"end":{"line":3,"column":28}},"1":{"start":{"line":4,"column":15},"end":{"line":4,"column":33}}},"fnMap":{},"branchMap":{},"s":{"0":1,"1":1},"f":{},"b":{}}
,"/home/lucasnkz11/documents/back/klafkesbank/src/repositories/associateRepository.ts": {"path":"/home/lucasnkz11/documents/back/klafkesbank/src/repositories/associateRepository.ts","statementMap":{"0":{"start":{"line":7,"column":4},"end":{"line":7,"column":null}},"1":{"start":{"line":11,"column":4},"end":{"line":11,"column":null}},"2":{"start":{"line":15,"column":4},"end":{"line":19,"column":null}},"3":{"start":{"line":23,"column":4},"end":{"line":25,"column":null}},"4":{"start":{"line":30,"column":4},"end":{"line":35,"column":null}},"5":{"start":{"line":39,"column":4},"end":{"line":47,"column":null}},"6":{"start":{"line":51,"column":4},"end":{"line":56,"column":null}},"7":{"start":{"line":60,"column":35},"end":{"line":68,"column":null}}},"fnMap":{"0":{"name":"getByCpf","decl":{"start":{"line":6,"column":22},"end":{"line":6,"column":30}},"loc":{"start":{"line":6,"column":43},"end":{"line":8,"column":null}}},"1":{"name":"getById","decl":{"start":{"line":10,"column":22},"end":{"line":10,"column":29}},"loc":{"start":{"line":10,"column":50},"end":{"line":12,"column":null}}},"2":{"name":"getAccountByAssociateId","decl":{"start":{"line":14,"column":22},"end":{"line":14,"column":45}},"loc":{"start":{"line":14,"column":65},"end":{"line":20,"column":null}}},"3":{"name":"createAccount","decl":{"start":{"line":22,"column":22},"end":{"line":22,"column":35}},"loc":{"start":{"line":22,"column":58},"end":{"line":27,"column":null}}},"4":{"name":"getCardAccountByAccountId","decl":{"start":{"line":29,"column":22},"end":{"line":29,"column":47}},"loc":{"start":{"line":29,"column":65},"end":{"line":36,"column":null}}},"5":{"name":"updateBalance","decl":{"start":{"line":38,"column":22},"end":{"line":38,"column":35}},"loc":{"start":{"line":38,"column":68},"end":{"line":48,"column":null}}},"6":{"name":"getCardAccountByAssociateId","decl":{"start":{"line":50,"column":22},"end":{"line":50,"column":49}},"loc":{"start":{"line":50,"column":68},"end":{"line":58,"column":null}}}},"branchMap":{},"s":{"0":0,"1":3,"2":3,"3":0,"4":0,"5":0,"6":0,"7":1},"f":{"0":0,"1":3,"2":3,"3":0,"4":0,"5":0,"6":0},"b":{}}
,"/home/lucasnkz11/documents/back/klafkesbank/src/repositories/cardRepository.ts": {"path":"/home/lucasnkz11/documents/back/klafkesbank/src/repositories/cardRepository.ts","statementMap":{"0":{"start":{"line":10,"column":4},"end":{"line":12,"column":null}},"1":{"start":{"line":16,"column":4},"end":{"line":16,"column":null}},"2":{"start":{"line":20,"column":18},"end":{"line":37,"column":6}},"3":{"start":{"line":38,"column":4},"end":{"line":38,"column":null}},"4":{"start":{"line":42,"column":4},"end":{"line":44,"column":null}},"5":{"start":{"line":49,"column":4},"end":{"line":51,"column":null}},"6":{"start":{"line":55,"column":4},"end":{"line":60,"column":null}},"7":{"start":{"line":64,"column":4},"end":{"line":71,"column":null}},"8":{"start":{"line":75,"column":4},"end":{"line":80,"column":null}},"9":{"start":{"line":84,"column":4},"end":{"line":88,"column":null}},"10":{"start":{"line":92,"column":4},"end":{"line":96,"column":null}},"11":{"start":{"line":101,"column":18},"end":{"line":115,"column":6}},"12":{"start":{"line":116,"column":4},"end":{"line":116,"column":null}},"13":{"start":{"line":120,"column":4},"end":{"line":124,"column":null}},"14":{"start":{"line":127,"column":4},"end":{"line":134,"column":null}},"15":{"start":{"line":138,"column":4},"end":{"line":145,"column":null}},"16":{"start":{"line":149,"column":30},"end":{"line":163,"column":null}}},"fnMap":{"0":{"name":"createCardRequest","decl":{"start":{"line":9,"column":22},"end":{"line":9,"column":39}},"loc":{"start":{"line":9,"column":71},"end":{"line":13,"column":null}}},"1":{"name":"createProcess","decl":{"start":{"line":15,"column":22},"end":{"line":15,"column":35}},"loc":{"start":{"line":15,"column":35},"end":{"line":17,"column":null}}},"2":{"name":"createCard","decl":{"start":{"line":19,"column":22},"end":{"line":19,"column":32}},"loc":{"start":{"line":19,"column":57},"end":{"line":39,"column":null}}},"3":{"name":"createCardAccount","decl":{"start":{"line":41,"column":22},"end":{"line":41,"column":39}},"loc":{"start":{"line":41,"column":85},"end":{"line":45,"column":null}}},"4":{"name":"createLimit","decl":{"start":{"line":48,"column":22},"end":{"line":48,"column":33}},"loc":{"start":{"line":48,"column":50},"end":{"line":52,"column":null}}},"5":{"name":"getLimit","decl":{"start":{"line":54,"column":22},"end":{"line":54,"column":30}},"loc":{"start":{"line":54,"column":49},"end":{"line":62,"column":null}}},"6":{"name":"updateUsedLimit","decl":{"start":{"line":63,"column":22},"end":{"line":63,"column":37}},"loc":{"start":{"line":63,"column":65},"end":{"line":72,"column":null}}},"7":{"name":"getManyPhysicalCardsByAssociateCPF","decl":{"start":{"line":74,"column":22},"end":{"line":74,"column":56}},"loc":{"start":{"line":74,"column":68},"end":{"line":81,"column":null}}},"8":{"name":"getManyVirtualCardsByAssociateCPF","decl":{"start":{"line":83,"column":22},"end":{"line":83,"column":55}},"loc":{"start":{"line":83,"column":67},"end":{"line":89,"column":null}}},"9":{"name":"getCardById","decl":{"start":{"line":91,"column":22},"end":{"line":91,"column":33}},"loc":{"start":{"line":91,"column":48},"end":{"line":97,"column":null}}},"10":{"name":"getCardsByAssociateCpf","decl":{"start":{"line":100,"column":22},"end":{"line":100,"column":44}},"loc":{"start":{"line":100,"column":55},"end":{"line":117,"column":null}}},"11":{"name":"getCardByNumber","decl":{"start":{"line":119,"column":22},"end":{"line":119,"column":37}},"loc":{"start":{"line":119,"column":52},"end":{"line":125,"column":null}}},"12":{"name":"updateInvoiceValue","decl":{"start":{"line":126,"column":22},"end":{"line":126,"column":40}},"loc":{"start":{"line":126,"column":66},"end":{"line":135,"column":null}}},"13":{"name":"changeLimit","decl":{"start":{"line":137,"column":22},"end":{"line":137,"column":33}},"loc":{"start":{"line":137,"column":64},"end":{"line":147,"column":null}}}},"branchMap":{},"s":{"0":0,"1":0,"2":0,"3":0,"4":0,"5":0,"6":0,"7":0,"8":0,"9":0,"10":0,"11":0,"12":0,"13":1,"14":0,"15":0,"16":1},"f":{"0":0,"1":0,"2":0,"3":0,"4":0,"5":0,"6":0,"7":0,"8":0,"9":0,"10":0,"11":1,"12":0,"13":0},"b":{}}
,"/home/lucasnkz11/documents/back/klafkesbank/src/services/cardService.ts": {"path":"/home/lucasnkz11/documents/back/klafkesbank/src/services/cardService.ts","statementMap":{"0":{"start":{"line":27,"column":22},"end":{"line":27,"column":48}},"1":{"start":{"line":28,"column":4},"end":{"line":30,"column":null}},"2":{"start":{"line":29,"column":8},"end":{"line":29,"column":null}},"3":{"start":{"line":31,"column":29},"end":{"line":31,"column":72}},"4":{"start":{"line":32,"column":4},"end":{"line":34,"column":null}},"5":{"start":{"line":33,"column":8},"end":{"line":33,"column":null}},"6":{"start":{"line":35,"column":4},"end":{"line":35,"column":null}},"7":{"start":{"line":39,"column":19},"end":{"line":39,"column":76}},"8":{"start":{"line":40,"column":16},"end":{"line":40,"column":45}},"9":{"start":{"line":41,"column":27},"end":{"line":41,"column":42}},"10":{"start":{"line":42,"column":4},"end":{"line":44,"column":null}},"11":{"start":{"line":52,"column":27},"end":{"line":52,"column":41}},"12":{"start":{"line":53,"column":21},"end":{"line":64,"column":null}},"13":{"start":{"line":65,"column":18},"end":{"line":65,"column":59}},"14":{"start":{"line":67,"column":4},"end":{"line":67,"column":null}},"15":{"start":{"line":72,"column":17},"end":{"line":72,"column":74}},"16":{"start":{"line":74,"column":16},"end":{"line":74,"column":45}},"17":{"start":{"line":75,"column":4},"end":{"line":75,"column":null}},"18":{"start":{"line":76,"column":4},"end":{"line":76,"column":null}},"19":{"start":{"line":77,"column":4},"end":{"line":77,"column":null}},"20":{"start":{"line":78,"column":4},"end":{"line":78,"column":null}},"21":{"start":{"line":80,"column":20},"end":{"line":80,"column":64}},"22":{"start":{"line":81,"column":4},"end":{"line":86,"column":null}},"23":{"start":{"line":82,"column":8},"end":{"line":85,"column":26}},"24":{"start":{"line":83,"column":12},"end":{"line":83,"column":null}},"25":{"start":{"line":84,"column":12},"end":{"line":84,"column":null}},"26":{"start":{"line":87,"column":4},"end":{"line":87,"column":null}},"27":{"start":{"line":89,"column":4},"end":{"line":89,"column":null}},"28":{"start":{"line":94,"column":17},"end":{"line":94,"column":59}},"29":{"start":{"line":95,"column":24},"end":{"line":95,"column":59}},"30":{"start":{"line":96,"column":4},"end":{"line":98,"column":null}},"31":{"start":{"line":97,"column":8},"end":{"line":97,"column":null}},"32":{"start":{"line":101,"column":17},"end":{"line":101,"column":27}},"33":{"start":{"line":102,"column":17},"end":{"line":102,"column":39}},"34":{"start":{"line":103,"column":18},"end":{"line":103,"column":33}},"35":{"start":{"line":104,"column":19},"end":{"line":104,"column":81}},"36":{"start":{"line":105,"column":34},"end":{"line":116,"column":null}},"37":{"start":{"line":117,"column":4},"end":{"line":117,"column":null}},"38":{"start":{"line":121,"column":22},"end":{"line":128,"column":null}},"39":{"start":{"line":129,"column":4},"end":{"line":129,"column":null}},"40":{"start":{"line":133,"column":20},"end":{"line":133,"column":63}},"41":{"start":{"line":134,"column":26},"end":{"line":134,"column":96}},"42":{"start":{"line":135,"column":4},"end":{"line":141,"column":null}},"43":{"start":{"line":136,"column":8},"end":{"line":140,"column":null}},"44":{"start":{"line":137,"column":12},"end":{"line":139,"column":null}},"45":{"start":{"line":138,"column":16},"end":{"line":138,"column":null}},"46":{"start":{"line":143,"column":16},"end":{"line":143,"column":63}},"47":{"start":{"line":144,"column":19},"end":{"line":144,"column":60}},"48":{"start":{"line":145,"column":4},"end":{"line":147,"column":null}},"49":{"start":{"line":146,"column":8},"end":{"line":146,"column":null}},"50":{"start":{"line":151,"column":21},"end":{"line":151,"column":31}},"51":{"start":{"line":152,"column":24},"end":{"line":159,"column":null}},"52":{"start":{"line":160,"column":4},"end":{"line":160,"column":null}},"53":{"start":{"line":164,"column":18},"end":{"line":164,"column":44}},"54":{"start":{"line":165,"column":18},"end":{"line":165,"column":66}},"55":{"start":{"line":166,"column":4},"end":{"line":166,"column":null}},"56":{"start":{"line":170,"column":17},"end":{"line":170,"column":57}},"57":{"start":{"line":171,"column":4},"end":{"line":171,"column":null}},"58":{"start":{"line":175,"column":24},"end":{"line":175,"column":90}},"59":{"start":{"line":176,"column":4},"end":{"line":176,"column":null}},"60":{"start":{"line":177,"column":4},"end":{"line":177,"column":10}}},"fnMap":{"0":{"name":"validateIdentity","decl":{"start":{"line":26,"column":22},"end":{"line":26,"column":38}},"loc":{"start":{"line":26,"column":75},"end":{"line":36,"column":null}}},"1":{"name":"generateCard","decl":{"start":{"line":38,"column":9},"end":{"line":38,"column":21}},"loc":{"start":{"line":38,"column":21},"end":{"line":48,"column":1}}},"2":{"name":"createCard","decl":{"start":{"line":50,"column":22},"end":{"line":50,"column":32}},"loc":{"start":{"line":50,"column":109},"end":{"line":69,"column":null}}},"3":{"name":"createVirtualCard","decl":{"start":{"line":71,"column":22},"end":{"line":71,"column":39}},"loc":{"start":{"line":71,"column":49},"end":{"line":91,"column":null}}},"4":{"name":"createCardAccount","decl":{"start":{"line":93,"column":22},"end":{"line":93,"column":39}},"loc":{"start":{"line":93,"column":92},"end":{"line":118,"column":null}}},"5":{"name":"createLimit","decl":{"start":{"line":120,"column":22},"end":{"line":120,"column":33}},"loc":{"start":{"line":120,"column":72},"end":{"line":130,"column":null}}},"6":{"name":"createRequest","decl":{"start":{"line":132,"column":22},"end":{"line":132,"column":35}},"loc":{"start":{"line":132,"column":78},"end":{"line":161,"column":null}}},"7":{"name":"(anonymous_20)","decl":{"start":{"line":136,"column":30},"end":{"line":136,"column":34}},"loc":{"start":{"line":136,"column":37},"end":{"line":140,"column":9}}},"8":{"name":"getCards","decl":{"start":{"line":163,"column":22},"end":{"line":163,"column":30}},"loc":{"start":{"line":163,"column":50},"end":{"line":167,"column":null}}},"9":{"name":"getCard","decl":{"start":{"line":169,"column":22},"end":{"line":169,"column":29}},"loc":{"start":{"line":169,"column":44},"end":{"line":172,"column":null}}},"10":{"name":"changeLimit","decl":{"start":{"line":174,"column":22},"end":{"line":174,"column":33}},"loc":{"start":{"line":174,"column":69},"end":{"line":178,"column":null}}}},"branchMap":{"0":{"loc":{"start":{"line":28,"column":4},"end":{"line":30,"column":null}},"type":"if","locations":[{"start":{"line":28,"column":4},"end":{"line":30,"column":null}}]},"1":{"loc":{"start":{"line":32,"column":4},"end":{"line":34,"column":null}},"type":"if","locations":[{"start":{"line":32,"column":4},"end":{"line":34,"column":null}}]},"2":{"loc":{"start":{"line":81,"column":4},"end":{"line":86,"column":null}},"type":"if","locations":[{"start":{"line":81,"column":4},"end":{"line":86,"column":null}}]},"3":{"loc":{"start":{"line":96,"column":4},"end":{"line":98,"column":null}},"type":"if","locations":[{"start":{"line":96,"column":4},"end":{"line":98,"column":null}}]},"4":{"loc":{"start":{"line":135,"column":4},"end":{"line":141,"column":null}},"type":"if","locations":[{"start":{"line":135,"column":4},"end":{"line":141,"column":null}}]},"5":{"loc":{"start":{"line":137,"column":12},"end":{"line":139,"column":null}},"type":"if","locations":[{"start":{"line":137,"column":12},"end":{"line":139,"column":null}}]},"6":{"loc":{"start":{"line":137,"column":15},"end":{"line":137,"column":92}},"type":"binary-expr","locations":[{"start":{"line":137,"column":15},"end":{"line":137,"column":47}},{"start":{"line":137,"column":51},"end":{"line":137,"column":92}}]},"7":{"loc":{"start":{"line":145,"column":4},"end":{"line":147,"column":null}},"type":"if","locations":[{"start":{"line":145,"column":4},"end":{"line":147,"column":null}}]}},"s":{"0":3,"1":3,"2":0,"3":3,"4":3,"5":0,"6":3,"7":1,"8":1,"9":1,"10":1,"11":1,"12":1,"13":1,"14":1,"15":1,"16":1,"17":1,"18":1,"19":1,"20":1,"21":1,"22":1,"23":0,"24":0,"25":0,"26":1,"27":1,"28":0,"29":0,"30":0,"31":0,"32":0,"33":0,"34":0,"35":0,"36":0,"37":0,"38":0,"39":0,"40":3,"41":3,"42":3,"43":1,"44":1,"45":1,"46":2,"47":2,"48":2,"49":0,"50":2,"51":2,"52":2,"53":0,"54":0,"55":0,"56":0,"57":0,"58":0,"59":0,"60":0},"f":{"0":3,"1":1,"2":1,"3":1,"4":0,"5":0,"6":3,"7":1,"8":0,"9":0,"10":0},"b":{"0":[0],"1":[0],"2":[0],"3":[0],"4":[1],"5":[1],"6":[1,0],"7":[0]}}
,"/home/lucasnkz11/documents/back/klafkesbank/src/utils/bcryptFunctions.ts": {"path":"/home/lucasnkz11/documents/back/klafkesbank/src/utils/bcryptFunctions.ts","statementMap":{"0":{"start":{"line":3,"column":0},"end":{"line":3,"column":null}},"1":{"start":{"line":5,"column":26},"end":{"line":5,"column":57}},"2":{"start":{"line":6,"column":25},"end":{"line":6,"column":54}},"3":{"start":{"line":7,"column":4},"end":{"line":7,"column":null}},"4":{"start":{"line":11,"column":4},"end":{"line":11,"column":null}}},"fnMap":{"0":{"name":"encrypt","decl":{"start":{"line":4,"column":16},"end":{"line":4,"column":23}},"loc":{"start":{"line":4,"column":39},"end":{"line":8,"column":1}}},"1":{"name":"compareBcrypt","decl":{"start":{"line":10,"column":16},"end":{"line":10,"column":29}},"loc":{"start":{"line":10,"column":65},"end":{"line":12,"column":1}}}},"branchMap":{},"s":{"0":1,"1":0,"2":0,"3":0,"4":3},"f":{"0":0,"1":3},"b":{}}
,"/home/lucasnkz11/documents/back/klafkesbank/src/utils/calcAlgorithms.ts": {"path":"/home/lucasnkz11/documents/back/klafkesbank/src/utils/calcAlgorithms.ts","statementMap":{"0":{"start":{"line":3,"column":4},"end":{"line":25,"column":null}},"1":{"start":{"line":4,"column":8},"end":{"line":8,"column":null}},"2":{"start":{"line":5,"column":12},"end":{"line":5,"column":null}},"3":{"start":{"line":7,"column":12},"end":{"line":7,"column":null}},"4":{"start":{"line":9,"column":11},"end":{"line":25,"column":null}},"5":{"start":{"line":10,"column":8},"end":{"line":16,"column":null}},"6":{"start":{"line":11,"column":12},"end":{"line":11,"column":null}},"7":{"start":{"line":12,"column":15},"end":{"line":16,"column":null}},"8":{"start":{"line":13,"column":12},"end":{"line":13,"column":null}},"9":{"start":{"line":15,"column":12},"end":{"line":15,"column":null}},"10":{"start":{"line":17,"column":11},"end":{"line":25,"column":null}},"11":{"start":{"line":18,"column":8},"end":{"line":22,"column":null}},"12":{"start":{"line":19,"column":12},"end":{"line":19,"column":null}},"13":{"start":{"line":20,"column":15},"end":{"line":22,"column":null}},"14":{"start":{"line":21,"column":12},"end":{"line":21,"column":null}},"15":{"start":{"line":24,"column":8},"end":{"line":24,"column":null}},"16":{"start":{"line":26,"column":4},"end":{"line":26,"column":null}},"17":{"start":{"line":31,"column":8},"end":{"line":33,"column":null}},"18":{"start":{"line":32,"column":12},"end":{"line":32,"column":null}},"19":{"start":{"line":34,"column":8},"end":{"line":34,"column":null}},"20":{"start":{"line":38,"column":18},"end":{"line":38,"column":19}},"21":{"start":{"line":39,"column":4},"end":{"line":41,"column":null}},"22":{"start":{"line":40,"column":8},"end":{"line":40,"column":null}},"23":{"start":{"line":42,"column":4},"end":{"line":42,"column":null}}},"fnMap":{"0":{"name":"calculateCardLimit","decl":{"start":{"line":2,"column":22},"end":{"line":2,"column":40}},"loc":{"start":{"line":2,"column":68},"end":{"line":27,"column":null}}},"1":{"name":"cardRequestFilter","decl":{"start":{"line":29,"column":22},"end":{"line":29,"column":39}},"loc":{"start":{"line":29,"column":67},"end":{"line":35,"column":null}}},"2":{"name":"calculateInvoice","decl":{"start":{"line":37,"column":22},"end":{"line":37,"column":38}},"loc":{"start":{"line":37,"column":60},"end":{"line":43,"column":null}}},"3":{"name":"(anonymous_13)","decl":{"start":{"line":39,"column":22},"end":{"line":39,"column":30}},"loc":{"start":{"line":39,"column":33},"end":{"line":41,"column":5}}}},"branchMap":{"0":{"loc":{"start":{"line":3,"column":4},"end":{"line":25,"column":null}},"type":"if","locations":[{"start":{"line":3,"column":4},"end":{"line":25,"column":null}},{"start":{"line":9,"column":11},"end":{"line":25,"column":null}}]},"1":{"loc":{"start":{"line":4,"column":8},"end":{"line":8,"column":null}},"type":"if","locations":[{"start":{"line":4,"column":8},"end":{"line":8,"column":null}},{"start":{"line":6,"column":14},"end":{"line":8,"column":null}}]},"2":{"loc":{"start":{"line":9,"column":11},"end":{"line":25,"column":null}},"type":"if","locations":[{"start":{"line":9,"column":11},"end":{"line":25,"column":null}},{"start":{"line":17,"column":11},"end":{"line":25,"column":null}}]},"3":{"loc":{"start":{"line":9,"column":14},"end":{"line":9,"column":35}},"type":"binary-expr","locations":[{"start":{"line":9,"column":14},"end":{"line":9,"column":23}},{"start":{"line":9,"column":27},"end":{"line":9,"column":35}}]},"4":{"loc":{"start":{"line":10,"column":8},"end":{"line":16,"column":null}},"type":"if","locations":[{"start":{"line":10,"column":8},"end":{"line":16,"column":null}},{"start":{"line":12,"column":15},"end":{"line":16,"column":null}}]},"5":{"loc":{"start":{"line":10,"column":11},"end":{"line":10,"column":43}},"type":"binary-expr","locations":[{"start":{"line":10,"column":11},"end":{"line":10,"column":25}},{"start":{"line":10,"column":29},"end":{"line":10,"column":43}}]},"6":{"loc":{"start":{"line":12,"column":15},"end":{"line":16,"column":null}},"type":"if","locations":[{"start":{"line":12,"column":15},"end":{"line":16,"column":null}},{"start":{"line":14,"column":14},"end":{"line":16,"column":null}}]},"7":{"loc":{"start":{"line":17,"column":11},"end":{"line":25,"column":null}},"type":"if","locations":[{"start":{"line":17,"column":11},"end":{"line":25,"column":null}},{"start":{"line":23,"column":10},"end":{"line":25,"column":null}}]},"8":{"loc":{"start":{"line":17,"column":14},"end":{"line":17,"column":36}},"type":"binary-expr","locations":[{"start":{"line":17,"column":14},"end":{"line":17,"column":23}},{"start":{"line":17,"column":27},"end":{"line":17,"column":36}}]},"9":{"loc":{"start":{"line":18,"column":8},"end":{"line":22,"column":null}},"type":"if","locations":[{"start":{"line":18,"column":8},"end":{"line":22,"column":null}},{"start":{"line":20,"column":15},"end":{"line":22,"column":null}}]},"10":{"loc":{"start":{"line":18,"column":11},"end":{"line":18,"column":43}},"type":"binary-expr","locations":[{"start":{"line":18,"column":11},"end":{"line":18,"column":25}},{"start":{"line":18,"column":29},"end":{"line":18,"column":43}}]},"11":{"loc":{"start":{"line":20,"column":15},"end":{"line":22,"column":null}},"type":"if","locations":[{"start":{"line":20,"column":15},"end":{"line":22,"column":null}}]},"12":{"loc":{"start":{"line":31,"column":8},"end":{"line":33,"column":null}},"type":"if","locations":[{"start":{"line":31,"column":8},"end":{"line":33,"column":null}}]},"13":{"loc":{"start":{"line":31,"column":11},"end":{"line":31,"column":38}},"type":"binary-expr","locations":[{"start":{"line":31,"column":11},"end":{"line":31,"column":20}},{"start":{"line":31,"column":24},"end":{"line":31,"column":38}}]}},"s":{"0":0,"1":0,"2":0,"3":0,"4":0,"5":0,"6":0,"7":0,"8":0,"9":0,"10":0,"11":0,"12":0,"13":0,"14":0,"15":0,"16":0,"17":2,"18":1,"19":1,"20":0,"21":0,"22":0,"23":0},"f":{"0":0,"1":2,"2":0,"3":0},"b":{"0":[0,0],"1":[0,0],"2":[0,0],"3":[0,0],"4":[0,0],"5":[0,0],"6":[0,0],"7":[0,0],"8":[0,0],"9":[0,0],"10":[0,0],"11":[0],"12":[1],"13":[2,1]}}
,"/home/lucasnkz11/documents/back/klafkesbank/src/utils/dataFormatters.ts": {"path":"/home/lucasnkz11/documents/back/klafkesbank/src/utils/dataFormatters.ts","statementMap":{"0":{"start":{"line":2,"column":17},"end":{"line":2,"column":27}},"1":{"start":{"line":3,"column":17},"end":{"line":3,"column":39}},"2":{"start":{"line":4,"column":18},"end":{"line":4,"column":33}},"3":{"start":{"line":5,"column":4},"end":{"line":5,"column":null}},"4":{"start":{"line":9,"column":17},"end":{"line":9,"column":27}},"5":{"start":{"line":10,"column":4},"end":{"line":10,"column":111}},"6":{"start":{"line":15,"column":24},"end":{"line":15,"column":43}},"7":{"start":{"line":16,"column":23},"end":{"line":16,"column":25}},"8":{"start":{"line":18,"column":4},"end":{"line":28,"column":null}},"9":{"start":{"line":18,"column":16},"end":{"line":18,"column":17}},"10":{"start":{"line":19,"column":12},"end":{"line":26,"column":null}},"11":{"start":{"line":20,"column":20},"end":{"line":20,"column":null}},"12":{"start":{"line":22,"column":12},"end":{"line":26,"column":null}},"13":{"start":{"line":23,"column":20},"end":{"line":23,"column":null}},"14":{"start":{"line":25,"column":20},"end":{"line":25,"column":null}},"15":{"start":{"line":29,"column":4},"end":{"line":29,"column":null}}},"fnMap":{"0":{"name":"getDateToCard","decl":{"start":{"line":1,"column":16},"end":{"line":1,"column":29}},"loc":{"start":{"line":1,"column":29},"end":{"line":6,"column":1}}},"1":{"name":"formatTimestampToBirthdate","decl":{"start":{"line":8,"column":16},"end":{"line":8,"column":42}},"loc":{"start":{"line":8,"column":58},"end":{"line":12,"column":1}}},"2":{"name":"nameFormatter","decl":{"start":{"line":14,"column":16},"end":{"line":14,"column":29}},"loc":{"start":{"line":14,"column":47},"end":{"line":30,"column":1}}}},"branchMap":{"0":{"loc":{"start":{"line":19,"column":12},"end":{"line":26,"column":null}},"type":"if","locations":[{"start":{"line":19,"column":12},"end":{"line":26,"column":null}},{"start":{"line":22,"column":12},"end":{"line":26,"column":null}}]},"1":{"loc":{"start":{"line":22,"column":12},"end":{"line":26,"column":null}},"type":"if","locations":[{"start":{"line":22,"column":12},"end":{"line":26,"column":null}},{"start":{"line":24,"column":18},"end":{"line":26,"column":null}}]}},"s":{"0":1,"1":1,"2":1,"3":1,"4":2,"5":2,"6":0,"7":0,"8":0,"9":0,"10":0,"11":0,"12":0,"13":0,"14":0,"15":0},"f":{"0":1,"1":2,"2":0},"b":{"0":[0,0],"1":[0,0]}}
}
