{"/home/lucas/Documents/back/klafkesBank/src/config/db.ts": {"path":"/home/lucas/Documents/back/klafkesBank/src/config/db.ts","statementMap":{"0":{"start":{"line":3,"column":25},"end":{"line":3,"column":28}},"1":{"start":{"line":4,"column":15},"end":{"line":4,"column":33}}},"fnMap":{},"branchMap":{},"s":{"0":1,"1":1},"f":{},"b":{}}
,"/home/lucas/Documents/back/klafkesBank/src/repositories/associateRepository.ts": {"path":"/home/lucas/Documents/back/klafkesBank/src/repositories/associateRepository.ts","statementMap":{"0":{"start":{"line":7,"column":4},"end":{"line":7,"column":null}},"1":{"start":{"line":11,"column":4},"end":{"line":11,"column":null}},"2":{"start":{"line":15,"column":4},"end":{"line":20,"column":null}},"3":{"start":{"line":24,"column":4},"end":{"line":26,"column":null}},"4":{"start":{"line":31,"column":4},"end":{"line":36,"column":null}},"5":{"start":{"line":39,"column":35},"end":{"line":45,"column":null}}},"fnMap":{"0":{"name":"getByCpf","decl":{"start":{"line":6,"column":22},"end":{"line":6,"column":30}},"loc":{"start":{"line":6,"column":43},"end":{"line":8,"column":null}}},"1":{"name":"getById","decl":{"start":{"line":10,"column":22},"end":{"line":10,"column":29}},"loc":{"start":{"line":10,"column":50},"end":{"line":12,"column":null}}},"2":{"name":"getAccountByAssociateId","decl":{"start":{"line":14,"column":22},"end":{"line":14,"column":45}},"loc":{"start":{"line":14,"column":65},"end":{"line":21,"column":null}}},"3":{"name":"createAccount","decl":{"start":{"line":23,"column":22},"end":{"line":23,"column":35}},"loc":{"start":{"line":23,"column":58},"end":{"line":28,"column":null}}},"4":{"name":"getCardAccountByAccountId","decl":{"start":{"line":30,"column":22},"end":{"line":30,"column":47}},"loc":{"start":{"line":30,"column":65},"end":{"line":37,"column":null}}}},"branchMap":{},"s":{"0":0,"1":3,"2":3,"3":0,"4":0,"5":1},"f":{"0":0,"1":3,"2":3,"3":0,"4":0},"b":{}}
,"/home/lucas/Documents/back/klafkesBank/src/repositories/cardRepository.ts": {"path":"/home/lucas/Documents/back/klafkesBank/src/repositories/cardRepository.ts","statementMap":{"0":{"start":{"line":11,"column":4},"end":{"line":13,"column":null}},"1":{"start":{"line":17,"column":4},"end":{"line":17,"column":null}},"2":{"start":{"line":21,"column":18},"end":{"line":38,"column":6}},"3":{"start":{"line":39,"column":4},"end":{"line":39,"column":null}},"4":{"start":{"line":43,"column":4},"end":{"line":45,"column":null}},"5":{"start":{"line":49,"column":4},"end":{"line":53,"column":null}},"6":{"start":{"line":58,"column":18},"end":{"line":69,"column":6}},"7":{"start":{"line":70,"column":4},"end":{"line":70,"column":null}},"8":{"start":{"line":71,"column":4},"end":{"line":71,"column":null}},"9":{"start":{"line":74,"column":30},"end":{"line":81,"column":null}}},"fnMap":{"0":{"name":"createCardRequest","decl":{"start":{"line":10,"column":22},"end":{"line":10,"column":39}},"loc":{"start":{"line":10,"column":71},"end":{"line":14,"column":null}}},"1":{"name":"createProcess","decl":{"start":{"line":16,"column":22},"end":{"line":16,"column":35}},"loc":{"start":{"line":16,"column":35},"end":{"line":18,"column":null}}},"2":{"name":"createCard","decl":{"start":{"line":20,"column":22},"end":{"line":20,"column":32}},"loc":{"start":{"line":20,"column":57},"end":{"line":40,"column":null}}},"3":{"name":"createCardAccount","decl":{"start":{"line":42,"column":22},"end":{"line":42,"column":39}},"loc":{"start":{"line":42,"column":85},"end":{"line":46,"column":null}}},"4":{"name":"getPhysicalCardByAssociateCPF","decl":{"start":{"line":48,"column":22},"end":{"line":48,"column":51}},"loc":{"start":{"line":48,"column":63},"end":{"line":54,"column":null}}},"5":{"name":"getCardsByAssociateCpf","decl":{"start":{"line":57,"column":22},"end":{"line":57,"column":44}},"loc":{"start":{"line":57,"column":55},"end":{"line":72,"column":null}}}},"branchMap":{},"s":{"0":0,"1":0,"2":0,"3":0,"4":0,"5":0,"6":0,"7":0,"8":0,"9":1},"f":{"0":0,"1":0,"2":0,"3":0,"4":0,"5":0},"b":{}}
,"/home/lucas/Documents/back/klafkesBank/src/services/cardService.ts": {"path":"/home/lucas/Documents/back/klafkesBank/src/services/cardService.ts","statementMap":{"0":{"start":{"line":26,"column":22},"end":{"line":26,"column":48}},"1":{"start":{"line":27,"column":4},"end":{"line":29,"column":null}},"2":{"start":{"line":28,"column":8},"end":{"line":28,"column":null}},"3":{"start":{"line":30,"column":29},"end":{"line":30,"column":72}},"4":{"start":{"line":31,"column":4},"end":{"line":33,"column":null}},"5":{"start":{"line":32,"column":8},"end":{"line":32,"column":null}},"6":{"start":{"line":34,"column":4},"end":{"line":34,"column":null}},"7":{"start":{"line":38,"column":19},"end":{"line":38,"column":51}},"8":{"start":{"line":39,"column":16},"end":{"line":39,"column":45}},"9":{"start":{"line":40,"column":27},"end":{"line":40,"column":42}},"10":{"start":{"line":41,"column":4},"end":{"line":43,"column":null}},"11":{"start":{"line":51,"column":27},"end":{"line":51,"column":41}},"12":{"start":{"line":52,"column":21},"end":{"line":63,"column":null}},"13":{"start":{"line":64,"column":18},"end":{"line":64,"column":59}},"14":{"start":{"line":66,"column":4},"end":{"line":66,"column":null}},"15":{"start":{"line":71,"column":4},"end":{"line":71,"column":null}},"16":{"start":{"line":72,"column":4},"end":{"line":72,"column":null}},"17":{"start":{"line":73,"column":4},"end":{"line":73,"column":null}},"18":{"start":{"line":75,"column":4},"end":{"line":75,"column":null}},"19":{"start":{"line":76,"column":4},"end":{"line":76,"column":10}},"20":{"start":{"line":80,"column":17},"end":{"line":80,"column":59}},"21":{"start":{"line":81,"column":24},"end":{"line":81,"column":59}},"22":{"start":{"line":82,"column":4},"end":{"line":84,"column":null}},"23":{"start":{"line":83,"column":8},"end":{"line":83,"column":null}},"24":{"start":{"line":87,"column":17},"end":{"line":87,"column":27}},"25":{"start":{"line":88,"column":17},"end":{"line":88,"column":39}},"26":{"start":{"line":89,"column":18},"end":{"line":89,"column":33}},"27":{"start":{"line":90,"column":19},"end":{"line":90,"column":81}},"28":{"start":{"line":91,"column":34},"end":{"line":101,"column":null}},"29":{"start":{"line":102,"column":4},"end":{"line":102,"column":null}},"30":{"start":{"line":106,"column":20},"end":{"line":106,"column":63}},"31":{"start":{"line":107,"column":25},"end":{"line":107,"column":90}},"32":{"start":{"line":108,"column":4},"end":{"line":110,"column":null}},"33":{"start":{"line":109,"column":8},"end":{"line":109,"column":null}},"34":{"start":{"line":111,"column":16},"end":{"line":111,"column":63}},"35":{"start":{"line":112,"column":19},"end":{"line":112,"column":60}},"36":{"start":{"line":113,"column":4},"end":{"line":115,"column":null}},"37":{"start":{"line":114,"column":8},"end":{"line":114,"column":null}},"38":{"start":{"line":119,"column":21},"end":{"line":119,"column":31}},"39":{"start":{"line":120,"column":24},"end":{"line":127,"column":null}},"40":{"start":{"line":128,"column":4},"end":{"line":128,"column":null}},"41":{"start":{"line":132,"column":18},"end":{"line":132,"column":44}},"42":{"start":{"line":133,"column":18},"end":{"line":133,"column":66}},"43":{"start":{"line":134,"column":4},"end":{"line":134,"column":null}}},"fnMap":{"0":{"name":"validateIdentity","decl":{"start":{"line":25,"column":22},"end":{"line":25,"column":38}},"loc":{"start":{"line":25,"column":75},"end":{"line":35,"column":null}}},"1":{"name":"generateCard","decl":{"start":{"line":37,"column":9},"end":{"line":37,"column":21}},"loc":{"start":{"line":37,"column":21},"end":{"line":47,"column":1}}},"2":{"name":"createCard","decl":{"start":{"line":49,"column":22},"end":{"line":49,"column":32}},"loc":{"start":{"line":49,"column":86},"end":{"line":68,"column":null}}},"3":{"name":"createVirtualCard","decl":{"start":{"line":70,"column":22},"end":{"line":70,"column":39}},"loc":{"start":{"line":70,"column":49},"end":{"line":77,"column":null}}},"4":{"name":"createCardAccount","decl":{"start":{"line":79,"column":22},"end":{"line":79,"column":39}},"loc":{"start":{"line":79,"column":92},"end":{"line":103,"column":null}}},"5":{"name":"createRequest","decl":{"start":{"line":105,"column":22},"end":{"line":105,"column":35}},"loc":{"start":{"line":105,"column":78},"end":{"line":129,"column":null}}},"6":{"name":"getCards","decl":{"start":{"line":131,"column":22},"end":{"line":131,"column":30}},"loc":{"start":{"line":131,"column":50},"end":{"line":135,"column":null}}}},"branchMap":{"0":{"loc":{"start":{"line":27,"column":4},"end":{"line":29,"column":null}},"type":"if","locations":[{"start":{"line":27,"column":4},"end":{"line":29,"column":null}}]},"1":{"loc":{"start":{"line":31,"column":4},"end":{"line":33,"column":null}},"type":"if","locations":[{"start":{"line":31,"column":4},"end":{"line":33,"column":null}}]},"2":{"loc":{"start":{"line":82,"column":4},"end":{"line":84,"column":null}},"type":"if","locations":[{"start":{"line":82,"column":4},"end":{"line":84,"column":null}}]},"3":{"loc":{"start":{"line":108,"column":4},"end":{"line":110,"column":null}},"type":"if","locations":[{"start":{"line":108,"column":4},"end":{"line":110,"column":null}}]},"4":{"loc":{"start":{"line":113,"column":4},"end":{"line":115,"column":null}},"type":"if","locations":[{"start":{"line":113,"column":4},"end":{"line":115,"column":null}}]}},"s":{"0":3,"1":3,"2":0,"3":3,"4":3,"5":0,"6":3,"7":1,"8":1,"9":1,"10":1,"11":1,"12":1,"13":1,"14":1,"15":1,"16":1,"17":1,"18":1,"19":1,"20":0,"21":0,"22":0,"23":0,"24":0,"25":0,"26":0,"27":0,"28":0,"29":0,"30":3,"31":3,"32":3,"33":1,"34":2,"35":2,"36":2,"37":0,"38":2,"39":2,"40":2,"41":0,"42":0,"43":0},"f":{"0":3,"1":1,"2":1,"3":1,"4":0,"5":3,"6":0},"b":{"0":[0],"1":[0],"2":[0],"3":[1],"4":[0]}}
,"/home/lucas/Documents/back/klafkesBank/src/utils/bcryptFunctions.ts": {"path":"/home/lucas/Documents/back/klafkesBank/src/utils/bcryptFunctions.ts","statementMap":{"0":{"start":{"line":3,"column":0},"end":{"line":3,"column":null}},"1":{"start":{"line":5,"column":26},"end":{"line":5,"column":57}},"2":{"start":{"line":6,"column":25},"end":{"line":6,"column":54}},"3":{"start":{"line":7,"column":4},"end":{"line":7,"column":null}},"4":{"start":{"line":11,"column":4},"end":{"line":11,"column":null}}},"fnMap":{"0":{"name":"encrypt","decl":{"start":{"line":4,"column":16},"end":{"line":4,"column":23}},"loc":{"start":{"line":4,"column":39},"end":{"line":8,"column":1}}},"1":{"name":"compareBcrypt","decl":{"start":{"line":10,"column":16},"end":{"line":10,"column":29}},"loc":{"start":{"line":10,"column":65},"end":{"line":12,"column":1}}}},"branchMap":{},"s":{"0":1,"1":0,"2":0,"3":0,"4":3},"f":{"0":0,"1":3},"b":{}}
,"/home/lucas/Documents/back/klafkesBank/src/utils/calcAlgorithms.ts": {"path":"/home/lucas/Documents/back/klafkesBank/src/utils/calcAlgorithms.ts","statementMap":{"0":{"start":{"line":2,"column":4},"end":{"line":24,"column":null}},"1":{"start":{"line":3,"column":8},"end":{"line":7,"column":null}},"2":{"start":{"line":4,"column":12},"end":{"line":4,"column":null}},"3":{"start":{"line":6,"column":12},"end":{"line":6,"column":null}},"4":{"start":{"line":8,"column":11},"end":{"line":24,"column":null}},"5":{"start":{"line":9,"column":8},"end":{"line":15,"column":null}},"6":{"start":{"line":10,"column":12},"end":{"line":10,"column":null}},"7":{"start":{"line":11,"column":15},"end":{"line":15,"column":null}},"8":{"start":{"line":12,"column":12},"end":{"line":12,"column":null}},"9":{"start":{"line":14,"column":12},"end":{"line":14,"column":null}},"10":{"start":{"line":16,"column":11},"end":{"line":24,"column":null}},"11":{"start":{"line":17,"column":8},"end":{"line":21,"column":null}},"12":{"start":{"line":18,"column":12},"end":{"line":18,"column":null}},"13":{"start":{"line":19,"column":15},"end":{"line":21,"column":null}},"14":{"start":{"line":20,"column":12},"end":{"line":20,"column":null}},"15":{"start":{"line":23,"column":8},"end":{"line":23,"column":null}},"16":{"start":{"line":25,"column":4},"end":{"line":25,"column":null}},"17":{"start":{"line":30,"column":8},"end":{"line":32,"column":null}},"18":{"start":{"line":31,"column":12},"end":{"line":31,"column":null}},"19":{"start":{"line":33,"column":8},"end":{"line":33,"column":null}}},"fnMap":{"0":{"name":"calculateCardLimit","decl":{"start":{"line":1,"column":22},"end":{"line":1,"column":40}},"loc":{"start":{"line":1,"column":68},"end":{"line":26,"column":null}}},"1":{"name":"cardRequestFilter","decl":{"start":{"line":28,"column":22},"end":{"line":28,"column":39}},"loc":{"start":{"line":28,"column":67},"end":{"line":34,"column":null}}}},"branchMap":{"0":{"loc":{"start":{"line":2,"column":4},"end":{"line":24,"column":null}},"type":"if","locations":[{"start":{"line":2,"column":4},"end":{"line":24,"column":null}},{"start":{"line":8,"column":11},"end":{"line":24,"column":null}}]},"1":{"loc":{"start":{"line":3,"column":8},"end":{"line":7,"column":null}},"type":"if","locations":[{"start":{"line":3,"column":8},"end":{"line":7,"column":null}},{"start":{"line":5,"column":14},"end":{"line":7,"column":null}}]},"2":{"loc":{"start":{"line":8,"column":11},"end":{"line":24,"column":null}},"type":"if","locations":[{"start":{"line":8,"column":11},"end":{"line":24,"column":null}},{"start":{"line":16,"column":11},"end":{"line":24,"column":null}}]},"3":{"loc":{"start":{"line":8,"column":14},"end":{"line":8,"column":35}},"type":"binary-expr","locations":[{"start":{"line":8,"column":14},"end":{"line":8,"column":23}},{"start":{"line":8,"column":27},"end":{"line":8,"column":35}}]},"4":{"loc":{"start":{"line":9,"column":8},"end":{"line":15,"column":null}},"type":"if","locations":[{"start":{"line":9,"column":8},"end":{"line":15,"column":null}},{"start":{"line":11,"column":15},"end":{"line":15,"column":null}}]},"5":{"loc":{"start":{"line":9,"column":11},"end":{"line":9,"column":43}},"type":"binary-expr","locations":[{"start":{"line":9,"column":11},"end":{"line":9,"column":25}},{"start":{"line":9,"column":29},"end":{"line":9,"column":43}}]},"6":{"loc":{"start":{"line":11,"column":15},"end":{"line":15,"column":null}},"type":"if","locations":[{"start":{"line":11,"column":15},"end":{"line":15,"column":null}},{"start":{"line":13,"column":14},"end":{"line":15,"column":null}}]},"7":{"loc":{"start":{"line":16,"column":11},"end":{"line":24,"column":null}},"type":"if","locations":[{"start":{"line":16,"column":11},"end":{"line":24,"column":null}},{"start":{"line":22,"column":10},"end":{"line":24,"column":null}}]},"8":{"loc":{"start":{"line":16,"column":14},"end":{"line":16,"column":36}},"type":"binary-expr","locations":[{"start":{"line":16,"column":14},"end":{"line":16,"column":23}},{"start":{"line":16,"column":27},"end":{"line":16,"column":36}}]},"9":{"loc":{"start":{"line":17,"column":8},"end":{"line":21,"column":null}},"type":"if","locations":[{"start":{"line":17,"column":8},"end":{"line":21,"column":null}},{"start":{"line":19,"column":15},"end":{"line":21,"column":null}}]},"10":{"loc":{"start":{"line":17,"column":11},"end":{"line":17,"column":43}},"type":"binary-expr","locations":[{"start":{"line":17,"column":11},"end":{"line":17,"column":25}},{"start":{"line":17,"column":29},"end":{"line":17,"column":43}}]},"11":{"loc":{"start":{"line":19,"column":15},"end":{"line":21,"column":null}},"type":"if","locations":[{"start":{"line":19,"column":15},"end":{"line":21,"column":null}}]},"12":{"loc":{"start":{"line":30,"column":8},"end":{"line":32,"column":null}},"type":"if","locations":[{"start":{"line":30,"column":8},"end":{"line":32,"column":null}}]},"13":{"loc":{"start":{"line":30,"column":11},"end":{"line":30,"column":38}},"type":"binary-expr","locations":[{"start":{"line":30,"column":11},"end":{"line":30,"column":20}},{"start":{"line":30,"column":24},"end":{"line":30,"column":38}}]}},"s":{"0":0,"1":0,"2":0,"3":0,"4":0,"5":0,"6":0,"7":0,"8":0,"9":0,"10":0,"11":0,"12":0,"13":0,"14":0,"15":0,"16":0,"17":2,"18":1,"19":1},"f":{"0":0,"1":2},"b":{"0":[0,0],"1":[0,0],"2":[0,0],"3":[0,0],"4":[0,0],"5":[0,0],"6":[0,0],"7":[0,0],"8":[0,0],"9":[0,0],"10":[0,0],"11":[0],"12":[1],"13":[2,1]}}
,"/home/lucas/Documents/back/klafkesBank/src/utils/dataFormatters.ts": {"path":"/home/lucas/Documents/back/klafkesBank/src/utils/dataFormatters.ts","statementMap":{"0":{"start":{"line":2,"column":17},"end":{"line":2,"column":27}},"1":{"start":{"line":3,"column":17},"end":{"line":3,"column":39}},"2":{"start":{"line":4,"column":18},"end":{"line":4,"column":33}},"3":{"start":{"line":5,"column":4},"end":{"line":5,"column":null}},"4":{"start":{"line":9,"column":17},"end":{"line":9,"column":27}},"5":{"start":{"line":10,"column":4},"end":{"line":10,"column":111}},"6":{"start":{"line":15,"column":24},"end":{"line":15,"column":43}},"7":{"start":{"line":16,"column":23},"end":{"line":16,"column":25}},"8":{"start":{"line":18,"column":4},"end":{"line":28,"column":null}},"9":{"start":{"line":18,"column":16},"end":{"line":18,"column":17}},"10":{"start":{"line":19,"column":12},"end":{"line":26,"column":null}},"11":{"start":{"line":20,"column":20},"end":{"line":20,"column":null}},"12":{"start":{"line":22,"column":12},"end":{"line":26,"column":null}},"13":{"start":{"line":23,"column":20},"end":{"line":23,"column":null}},"14":{"start":{"line":25,"column":20},"end":{"line":25,"column":null}},"15":{"start":{"line":29,"column":4},"end":{"line":29,"column":null}}},"fnMap":{"0":{"name":"getDateToCard","decl":{"start":{"line":1,"column":16},"end":{"line":1,"column":29}},"loc":{"start":{"line":1,"column":29},"end":{"line":6,"column":1}}},"1":{"name":"formatTimestampToBirthdate","decl":{"start":{"line":8,"column":16},"end":{"line":8,"column":42}},"loc":{"start":{"line":8,"column":58},"end":{"line":12,"column":1}}},"2":{"name":"nameFormatter","decl":{"start":{"line":14,"column":16},"end":{"line":14,"column":29}},"loc":{"start":{"line":14,"column":47},"end":{"line":30,"column":1}}}},"branchMap":{"0":{"loc":{"start":{"line":19,"column":12},"end":{"line":26,"column":null}},"type":"if","locations":[{"start":{"line":19,"column":12},"end":{"line":26,"column":null}},{"start":{"line":22,"column":12},"end":{"line":26,"column":null}}]},"1":{"loc":{"start":{"line":22,"column":12},"end":{"line":26,"column":null}},"type":"if","locations":[{"start":{"line":22,"column":12},"end":{"line":26,"column":null}},{"start":{"line":24,"column":18},"end":{"line":26,"column":null}}]}},"s":{"0":1,"1":1,"2":1,"3":1,"4":2,"5":2,"6":0,"7":0,"8":0,"9":0,"10":0,"11":0,"12":0,"13":0,"14":0,"15":0},"f":{"0":1,"1":2,"2":0},"b":{"0":[0,0],"1":[0,0]}}
}
