TN:
SF:src/config/db.ts
FNF:0
FNH:0
DA:3,1
DA:4,1
LF:2
LH:2
BRF:0
BRH:0
end_of_record
TN:
SF:src/repositories/associateRepository.ts
FN:6,getByCpf
FN:10,getById
FN:14,getAccountByAssociateId
FN:23,createAccount
FN:30,getCardAccountByAccountId
FNF:5
FNH:2
FNDA:0,getByCpf
FNDA:3,getById
FNDA:3,getAccountByAssociateId
FNDA:0,createAccount
FNDA:0,getCardAccountByAccountId
DA:7,0
DA:11,3
DA:15,3
DA:24,0
DA:31,0
DA:39,1
LF:6
LH:3
BRF:0
BRH:0
end_of_record
TN:
SF:src/repositories/cardRepository.ts
FN:10,createCardRequest
FN:16,createProcess
FN:20,createCard
FN:42,createCardAccount
FN:48,getPhysicalCardByAssociateCPF
FN:57,getCardsByAssociateCpf
FNF:6
FNH:0
FNDA:0,createCardRequest
FNDA:0,createProcess
FNDA:0,createCard
FNDA:0,createCardAccount
FNDA:0,getPhysicalCardByAssociateCPF
FNDA:0,getCardsByAssociateCpf
DA:11,0
DA:17,0
DA:21,0
DA:39,0
DA:43,0
DA:49,0
DA:58,0
DA:70,0
DA:71,0
DA:74,1
LF:10
LH:1
BRF:0
BRH:0
end_of_record
TN:
SF:src/services/cardService.ts
FN:25,validateIdentity
FN:37,generateCard
FN:49,createCard
FN:70,createVirtualCard
FN:79,createCardAccount
FN:105,createRequest
FN:131,getCards
FNF:7
FNH:5
FNDA:3,validateIdentity
FNDA:1,generateCard
FNDA:1,createCard
FNDA:1,createVirtualCard
FNDA:0,createCardAccount
FNDA:3,createRequest
FNDA:0,getCards
DA:26,3
DA:27,3
DA:28,0
DA:30,3
DA:31,3
DA:32,0
DA:34,3
DA:38,1
DA:39,1
DA:40,1
DA:41,1
DA:51,1
DA:52,1
DA:64,1
DA:66,1
DA:71,1
DA:72,1
DA:73,1
DA:75,1
DA:76,1
DA:80,0
DA:81,0
DA:82,0
DA:83,0
DA:87,0
DA:88,0
DA:89,0
DA:90,0
DA:91,0
DA:102,0
DA:106,3
DA:107,3
DA:108,3
DA:109,1
DA:111,2
DA:112,2
DA:113,2
DA:114,0
DA:119,2
DA:120,2
DA:128,2
DA:132,0
DA:133,0
DA:134,0
LF:44
LH:28
BRDA:27,0,0,0
BRDA:31,1,0,0
BRDA:82,2,0,0
BRDA:108,3,0,1
BRDA:113,4,0,0
BRF:5
BRH:1
end_of_record
TN:
SF:src/utils/bcryptFunctions.ts
FN:4,encrypt
FN:10,compareBcrypt
FNF:2
FNH:1
FNDA:0,encrypt
FNDA:3,compareBcrypt
DA:3,1
DA:5,0
DA:6,0
DA:7,0
DA:11,3
LF:5
LH:2
BRF:0
BRH:0
end_of_record
TN:
SF:src/utils/calcAlgorithms.ts
FN:1,calculateCardLimit
FN:28,cardRequestFilter
FNF:2
FNH:1
FNDA:0,calculateCardLimit
FNDA:2,cardRequestFilter
DA:2,0
DA:3,0
DA:4,0
DA:6,0
DA:8,0
DA:9,0
DA:10,0
DA:11,0
DA:12,0
DA:14,0
DA:16,0
DA:17,0
DA:18,0
DA:19,0
DA:20,0
DA:23,0
DA:25,0
DA:30,2
DA:31,1
DA:33,1
LF:20
LH:3
BRDA:2,0,0,0
BRDA:2,0,1,0
BRDA:3,1,0,0
BRDA:3,1,1,0
BRDA:8,2,0,0
BRDA:8,2,1,0
BRDA:8,3,0,0
BRDA:8,3,1,0
BRDA:9,4,0,0
BRDA:9,4,1,0
BRDA:9,5,0,0
BRDA:9,5,1,0
BRDA:11,6,0,0
BRDA:11,6,1,0
BRDA:16,7,0,0
BRDA:16,7,1,0
BRDA:16,8,0,0
BRDA:16,8,1,0
BRDA:17,9,0,0
BRDA:17,9,1,0
BRDA:17,10,0,0
BRDA:17,10,1,0
BRDA:19,11,0,0
BRDA:30,12,0,1
BRDA:30,13,0,2
BRDA:30,13,1,1
BRF:26
BRH:3
end_of_record
TN:
SF:src/utils/dataFormatters.ts
FN:1,getDateToCard
FN:8,formatTimestampToBirthdate
FN:14,nameFormatter
FNF:3
FNH:2
FNDA:1,getDateToCard
FNDA:2,formatTimestampToBirthdate
FNDA:0,nameFormatter
DA:2,1
DA:3,1
DA:4,1
DA:5,1
DA:9,2
DA:10,2
DA:15,0
DA:16,0
DA:18,0
DA:19,0
DA:20,0
DA:22,0
DA:23,0
DA:25,0
DA:29,0
LF:15
LH:6
BRDA:19,0,0,0
BRDA:19,0,1,0
BRDA:22,1,0,0
BRDA:22,1,1,0
BRF:4
BRH:0
end_of_record
