TN:
SF:src/config/db.ts
FNF:0
FNH:0
DA:3,1
DA:4,1
LF:2
LH:2
BRF:0
BRH:0
end_of_record
TN:
SF:src/repositories/associateRepository.ts
FN:6,getByCpf
FN:10,getById
FN:14,getAccountByAssociateId
FN:22,createAccount
FN:29,getCardAccountByAccountId
FN:38,updateBalance
FN:50,getCardAccountByAssociateId
FNF:7
FNH:2
FNDA:0,getByCpf
FNDA:3,getById
FNDA:3,getAccountByAssociateId
FNDA:0,createAccount
FNDA:0,getCardAccountByAccountId
FNDA:0,updateBalance
FNDA:0,getCardAccountByAssociateId
DA:7,0
DA:11,3
DA:15,3
DA:23,0
DA:30,0
DA:39,0
DA:51,0
DA:60,1
LF:8
LH:3
BRF:0
BRH:0
end_of_record
TN:
SF:src/repositories/cardRepository.ts
FN:9,createCardRequest
FN:15,createProcess
FN:19,createCard
FN:41,createCardAccount
FN:48,createLimit
FN:54,getLimit
FN:63,updateUsedLimit
FN:74,getManyPhysicalCardsByAssociateCPF
FN:83,getManyVirtualCardsByAssociateCPF
FN:91,getCardById
FN:100,getCardsByAssociateCpf
FN:119,getCardByNumber
FN:126,updateInvoiceValue
FNF:13
FNH:1
FNDA:0,createCardRequest
FNDA:0,createProcess
FNDA:0,createCard
FNDA:0,createCardAccount
FNDA:0,createLimit
FNDA:0,getLimit
FNDA:0,updateUsedLimit
FNDA:0,getManyPhysicalCardsByAssociateCPF
FNDA:0,getManyVirtualCardsByAssociateCPF
FNDA:0,getCardById
FNDA:0,getCardsByAssociateCpf
FNDA:1,getCardByNumber
FNDA:0,updateInvoiceValue
DA:10,0
DA:16,0
DA:20,0
DA:38,0
DA:42,0
DA:49,0
DA:55,0
DA:64,0
DA:75,0
DA:84,0
DA:92,0
DA:101,0
DA:116,0
DA:120,1
DA:127,0
DA:137,1
LF:16
LH:2
BRF:0
BRH:0
end_of_record
TN:
SF:src/services/cardService.ts
FN:26,validateIdentity
FN:38,generateCard
FN:50,createCard
FN:71,createVirtualCard
FN:93,createCardAccount
FN:120,createLimit
FN:132,createRequest
FN:136,(anonymous_20)
FN:163,getCards
FN:169,getCard
FNF:10
FNH:6
FNDA:3,validateIdentity
FNDA:1,generateCard
FNDA:1,createCard
FNDA:1,createVirtualCard
FNDA:0,createCardAccount
FNDA:0,createLimit
FNDA:3,createRequest
FNDA:1,(anonymous_20)
FNDA:0,getCards
FNDA:0,getCard
DA:27,3
DA:28,3
DA:29,0
DA:31,3
DA:32,3
DA:33,0
DA:35,3
DA:39,1
DA:40,1
DA:41,1
DA:42,1
DA:52,1
DA:53,1
DA:65,1
DA:67,1
DA:72,1
DA:74,1
DA:75,1
DA:76,1
DA:77,1
DA:78,1
DA:80,1
DA:81,1
DA:82,0
DA:83,0
DA:84,0
DA:87,1
DA:89,1
DA:94,0
DA:95,0
DA:96,0
DA:97,0
DA:101,0
DA:102,0
DA:103,0
DA:104,0
DA:105,0
DA:117,0
DA:121,0
DA:129,0
DA:133,3
DA:134,3
DA:135,3
DA:136,1
DA:137,1
DA:138,1
DA:143,2
DA:144,2
DA:145,2
DA:146,0
DA:151,2
DA:152,2
DA:160,2
DA:164,0
DA:165,0
DA:166,0
DA:170,0
DA:171,0
LF:58
LH:35
BRDA:28,0,0,0
BRDA:32,1,0,0
BRDA:81,2,0,0
BRDA:96,3,0,0
BRDA:135,4,0,1
BRDA:137,5,0,1
BRDA:137,6,0,1
BRDA:137,6,1,0
BRDA:145,7,0,0
BRF:9
BRH:3
end_of_record
TN:
SF:src/utils/bcryptFunctions.ts
FN:4,encrypt
FN:10,compareBcrypt
FNF:2
FNH:1
FNDA:0,encrypt
FNDA:3,compareBcrypt
DA:3,1
DA:5,0
DA:6,0
DA:7,0
DA:11,3
LF:5
LH:2
BRF:0
BRH:0
end_of_record
TN:
SF:src/utils/calcAlgorithms.ts
FN:2,calculateCardLimit
FN:29,cardRequestFilter
FN:37,calculateInvoice
FN:39,(anonymous_13)
FNF:4
FNH:1
FNDA:0,calculateCardLimit
FNDA:2,cardRequestFilter
FNDA:0,calculateInvoice
FNDA:0,(anonymous_13)
DA:3,0
DA:4,0
DA:5,0
DA:7,0
DA:9,0
DA:10,0
DA:11,0
DA:12,0
DA:13,0
DA:15,0
DA:17,0
DA:18,0
DA:19,0
DA:20,0
DA:21,0
DA:24,0
DA:26,0
DA:31,2
DA:32,1
DA:34,1
DA:38,0
DA:39,0
DA:40,0
DA:42,0
LF:24
LH:3
BRDA:3,0,0,0
BRDA:3,0,1,0
BRDA:4,1,0,0
BRDA:4,1,1,0
BRDA:9,2,0,0
BRDA:9,2,1,0
BRDA:9,3,0,0
BRDA:9,3,1,0
BRDA:10,4,0,0
BRDA:10,4,1,0
BRDA:10,5,0,0
BRDA:10,5,1,0
BRDA:12,6,0,0
BRDA:12,6,1,0
BRDA:17,7,0,0
BRDA:17,7,1,0
BRDA:17,8,0,0
BRDA:17,8,1,0
BRDA:18,9,0,0
BRDA:18,9,1,0
BRDA:18,10,0,0
BRDA:18,10,1,0
BRDA:20,11,0,0
BRDA:31,12,0,1
BRDA:31,13,0,2
BRDA:31,13,1,1
BRF:26
BRH:3
end_of_record
TN:
SF:src/utils/dataFormatters.ts
FN:1,getDateToCard
FN:8,formatTimestampToBirthdate
FN:14,nameFormatter
FNF:3
FNH:2
FNDA:1,getDateToCard
FNDA:2,formatTimestampToBirthdate
FNDA:0,nameFormatter
DA:2,1
DA:3,1
DA:4,1
DA:5,1
DA:9,2
DA:10,2
DA:15,0
DA:16,0
DA:18,0
DA:19,0
DA:20,0
DA:22,0
DA:23,0
DA:25,0
DA:29,0
LF:15
LH:6
BRDA:19,0,0,0
BRDA:19,0,1,0
BRDA:22,1,0,0
BRDA:22,1,1,0
BRF:4
BRH:0
end_of_record
